Microsoft (R) Macro Assembler Version 6.11		    11/04/23 13:50:45
EJ00.ASM						     Page 1 - 1


				; Nombre del programa	    :EJ00.ASM 
				; Objetivo		            :El primer programa formal 
				; 
				; COMANDO DE ENSAMBLE	    :MASM EJ00.ASM
				; COMANDO DE ENLACE	        :LINK EJ00.OBJ
				; COMANDO DE EJECUCIÓN	    :EJ00 [Enter]
				; 
				.MODEL SMALL 		        ;Modelo de memoria
 0000				.CODE 			            ;Área de código
 0000				Empieza: 		            ;Etiqueta de comienzo de programa

				; El programa NO HACE NADA. Al ser ejecutado simplemente regresa
				; el control a MS-DOS.
 0000  B8 4C00			    MOV AX, 4C00H 		        ;Regresa a MS-DOS por medio de la función 4C.
 0003  CD 21			    INT 21H			            ;Interrupción 21H para regresar a MS-DOS.
				    .STACK			            ;Se necesita una pila
				    END Empieza 		        ;Fin del programa
Microsoft (R) Macro Assembler Version 6.11		    11/04/23 13:50:45
EJ00.ASM						     Symbols 2 - 1




Segments and Groups:

                N a m e                 Size     Length   Align   Combine Class

DGROUP . . . . . . . . . . . . .	GROUP
_DATA  . . . . . . . . . . . . .	16 Bit	 0000	  Word	  Public  'DATA'	
STACK  . . . . . . . . . . . . .	16 Bit	 0400	  Para	  Stack	  'STACK'	 
_TEXT  . . . . . . . . . . . . .	16 Bit	 0005	  Word	  Public  'CODE'	


Symbols:

                N a m e                 Type     Value    Attr

@CodeSize  . . . . . . . . . . .	Number	 0000h	 
@DataSize  . . . . . . . . . . .	Number	 0000h	 
@Interface . . . . . . . . . . .	Number	 0000h	 
@Model . . . . . . . . . . . . .	Number	 0002h	 
@code  . . . . . . . . . . . . .	Text   	 _TEXT
@data  . . . . . . . . . . . . .	Text   	 DGROUP
@fardata?  . . . . . . . . . . .	Text   	 FAR_BSS
@fardata . . . . . . . . . . . .	Text   	 FAR_DATA
@stack . . . . . . . . . . . . .	Text   	 DGROUP
Empieza  . . . . . . . . . . . .	L Near	 0000	  _TEXT	

	   0 Warnings
	   0 Errors
